<?xml version="1.0" encoding="UTF-8"?>
<testsuite name="com.jyotisharma.LoginTest" tests="2" skipped="0" failures="0" errors="0" timestamp="2024-10-08T20:33:24" hostname="DESKTOP-BOT2FEN" time="10.434">
  <properties/>
  <testcase name="performLoginWithInvalidPassword()" classname="com.jyotisharma.LoginTest" time="3.965"/>
  <testcase name="performLogin()" classname="com.jyotisharma.LoginTest" time="6.462"/>
  <system-out><![CDATA[]]></system-out>
  <system-err><![CDATA[Oct 09, 2024 2:03:24 AM org.openqa.selenium.devtools.CdpVersionFinder findNearestMatch
WARNING: Unable to find an exact match for CDP version 129, returning the closest version; found: 128; Please update to a Selenium version that supports CDP version 129
]]></system-err>
</testsuite>
