<?xml version="1.0" encoding="UTF-8"?>
<testsuite name="com.jyotisharma.LoginTest" tests="2" skipped="0" failures="0" errors="0" timestamp="2024-10-08T19:11:07" hostname="DESKTOP-BOT2FEN" time="18.076">
  <properties/>
  <testcase name="performLoginWithInvalidPassword()" classname="com.jyotisharma.LoginTest" time="6.803"/>
  <testcase name="performLogin()" classname="com.jyotisharma.LoginTest" time="11.264"/>
  <system-out><![CDATA[]]></system-out>
  <system-err><![CDATA[Oct 09, 2024 12:41:07 AM org.openqa.selenium.devtools.CdpVersionFinder findNearestMatch
WARNING: Unable to find an exact match for CDP version 129, returning the closest version; found: 128; Please update to a Selenium version that supports CDP version 129
]]></system-err>
</testsuite>
