<?xml version="1.0" encoding="UTF-8"?>
<testsuite name="com.jyotisharma.LoginTest" tests="2" skipped="0" failures="0" errors="0" timestamp="2024-10-09T03:07:21" hostname="DESKTOP-BOT2FEN" time="10.183">
  <properties/>
  <testcase name="PerformLogin()" classname="com.jyotisharma.LoginTest" time="5.511"/>
  <testcase name="PerformLoginWithInvalidPassword()" classname="com.jyotisharma.LoginTest" time="4.657"/>
  <system-out><![CDATA[]]></system-out>
  <system-err><![CDATA[Oct 09, 2024 8:37:21 AM org.openqa.selenium.devtools.CdpVersionFinder findNearestMatch
WARNING: Unable to find an exact match for CDP version 129, returning the closest version; found: 128; Please update to a Selenium version that supports CDP version 129
]]></system-err>
</testsuite>
