<?xml version="1.0" encoding="UTF-8"?>
<testsuite name="com.jyotisharma.OrderPlacementTest" tests="2" skipped="0" failures="0" errors="0" timestamp="2024-10-09T05:43:25" hostname="DESKTOP-BOT2FEN" time="31.223">
  <properties/>
  <testcase name="SearchForProductAndCheckout()" classname="com.jyotisharma.OrderPlacementTest" time="15.427"/>
  <testcase name="EditItemsInCart()" classname="com.jyotisharma.OrderPlacementTest" time="15.786"/>
  <system-out><![CDATA[]]></system-out>
  <system-err><![CDATA[Oct 09, 2024 11:13:22 AM org.openqa.selenium.devtools.CdpVersionFinder findNearestMatch
WARNING: Unable to find an exact match for CDP version 129, returning the closest version; found: 128; Please update to a Selenium version that supports CDP version 129
]]></system-err>
</testsuite>
