<?xml version="1.0" encoding="UTF-8"?>
<testsuite name="com.jyotisharma.OrderPlacementTest" tests="2" skipped="0" failures="0" errors="0" timestamp="2024-10-09T02:31:19" hostname="DESKTOP-BOT2FEN" time="29.95">
  <properties/>
  <testcase name="SearchForProductAndCheckout()" classname="com.jyotisharma.OrderPlacementTest" time="12.234"/>
  <testcase name="EditItemsInCart()" classname="com.jyotisharma.OrderPlacementTest" time="17.701"/>
  <system-out><![CDATA[]]></system-out>
  <system-err><![CDATA[Oct 09, 2024 8:01:16 AM org.openqa.selenium.devtools.CdpVersionFinder findNearestMatch
WARNING: Unable to find an exact match for CDP version 129, returning the closest version; found: 128; Please update to a Selenium version that supports CDP version 129
]]></system-err>
</testsuite>
